<?xml version="1.0" encoding="UTF-8"?>
<!-- Generated by org.testng.reporters.JUnitXMLReporter -->
<testsuite hostname="DESKTOP-3SUJPVT" name="Acegrades LoginTest" tests="21" failures="1" timestamp="28 Sep 2018 17:08:00 GMT" time="181.065" errors="0">
  <testcase name="verifyAceLoginTest" time="14.374" classname="com.colanInfotech.TextNGBasics.Sample_TestNGTest"/>
  <testcase name="verifyAceTitleTest" time="0.023" classname="com.colanInfotech.TextNGBasics.TestNG_Assertions"/>
  <testcase name="logoTest" time="0.106" classname="com.colanInfotech.TextNGBasics.TestNG_Assertions"/>
  <testcase name="loginTest" time="62.725" classname="com.colanInfotech.TextNGBasics.TestNG_DependsOnMethod">
    <failure type="org.openqa.selenium.NoSuchElementException" message="Unable to locate element: {&amp;quot;method&amp;quot;:&amp;quot;id&amp;quot;,&amp;quot;selector&amp;quot;:&amp;quot;loginId123&amp;quot;}
Command duration or timeout: 30.12 seconds
For documentation on this error, please visit: http://seleniumhq.org/exceptions/no_such_element.html
Build info: version: &amp;apos;2.53.1&amp;apos;, revision: &amp;apos;a36b8b1&amp;apos;, time: &amp;apos;2016-06-30 17:37:03&amp;apos;
System info: host: &amp;apos;DESKTOP-3SUJPVT&amp;apos;, ip: &amp;apos;192.168.211.1&amp;apos;, os.name: &amp;apos;Windows 10&amp;apos;, os.arch: &amp;apos;amd64&amp;apos;, os.version: &amp;apos;10.0&amp;apos;, java.version: &amp;apos;1.8.0_181&amp;apos;
Driver info: org.openqa.selenium.firefox.FirefoxDriver
Capabilities [{applicationCacheEnabled=true, rotatable=false, handlesAlerts=true, databaseEnabled=true, version=43.0.1, platform=WINDOWS, nativeEvents=false, acceptSslCerts=true, webStorageEnabled=true, locationContextEnabled=true, browserName=firefox, takesScreenshot=true, javascriptEnabled=true, cssSelectorsEnabled=true}]
Session ID: 31927a13-11b5-449d-8006-c2bf333853e5
*** Element info: {Using=id, value=loginId123}">
      <![CDATA[org.openqa.selenium.NoSuchElementException: Unable to locate element: {"method":"id","selector":"loginId123"}
Command duration or timeout: 30.12 seconds
For documentation on this error, please visit: http://seleniumhq.org/exceptions/no_such_element.html
Build info: version: '2.53.1', revision: 'a36b8b1', time: '2016-06-30 17:37:03'
System info: host: 'DESKTOP-3SUJPVT', ip: '192.168.211.1', os.name: 'Windows 10', os.arch: 'amd64', os.version: '10.0', java.version: '1.8.0_181'
Driver info: org.openqa.selenium.firefox.FirefoxDriver
Capabilities [{applicationCacheEnabled=true, rotatable=false, handlesAlerts=true, databaseEnabled=true, version=43.0.1, platform=WINDOWS, nativeEvents=false, acceptSslCerts=true, webStorageEnabled=true, locationContextEnabled=true, browserName=firefox, takesScreenshot=true, javascriptEnabled=true, cssSelectorsEnabled=true}]
Session ID: 31927a13-11b5-449d-8006-c2bf333853e5
*** Element info: {Using=id, value=loginId123}
	at org.openqa.selenium.remote.ErrorHandler.createThrowable(ErrorHandler.java:206)
	at org.openqa.selenium.remote.ErrorHandler.throwIfResponseFailed(ErrorHandler.java:158)
	at org.openqa.selenium.remote.RemoteWebDriver.execute(RemoteWebDriver.java:678)
	at org.openqa.selenium.remote.RemoteWebDriver.findElement(RemoteWebDriver.java:363)
	at org.openqa.selenium.remote.RemoteWebDriver.findElementById(RemoteWebDriver.java:413)
	at org.openqa.selenium.By$ById.findElement(By.java:218)
	at org.openqa.selenium.remote.RemoteWebDriver.findElement(RemoteWebDriver.java:355)
	at com.colanInfotech.TextNGBasics.TestNG_DependsOnMethod.loginTest(TestNG_DependsOnMethod.java:38)
Caused by: org.openqa.selenium.NoSuchElementException: Unable to locate element: {"method":"id","selector":"loginId123"}
For documentation on this error, please visit: http://seleniumhq.org/exceptions/no_such_element.html
Build info: version: '2.53.1', revision: 'a36b8b1', time: '2016-06-30 17:37:03'
System info: host: 'DESKTOP-3SUJPVT', ip: '192.168.211.1', os.name: 'Windows 10', os.arch: 'amd64', os.version: '10.0', java.version: '1.8.0_181'
Driver info: driver.version: unknown
	at <anonymous class>.FirefoxDriver.prototype.findElementInternal_(file:///C:/Users/Manohar/AppData/Local/Temp/anonymous6968999886964049738webdriver-profile/extensions/fxdriver@googlecode.com/components/driver-component.js:10770)
	at <anonymous class>.fxdriver.Timer.prototype.setTimeout/<.notify(file:///C:/Users/Manohar/AppData/Local/Temp/anonymous6968999886964049738webdriver-profile/extensions/fxdriver@googlecode.com/components/driver-component.js:625)
... Removed 28 stack frames]]>
    </failure>
  </testcase> <!-- loginTest -->
  <testcase name="homepageTest" time="0.0" classname="com.colanInfotech.TextNGBasics.TestNG_DependsOnMethod">
    <skipped/>
  </testcase> <!-- homepageTest -->
  <testcase name="test1" time="0.001" classname="com.colanInfotech.TextNGBasics.TestNG_ExceptionTimedOut"/>
  <testcase name="enterurl" time="0.002" classname="com.colanInfotech.TextNGBasics.TestNG_Groups"/>
  <testcase name="login" time="0.006" classname="com.colanInfotech.TextNGBasics.TestNG_Groups"/>
  <testcase name="loginApp" time="0.002" classname="com.colanInfotech.TextNGBasics.TestNG_Groups"/>
  <testcase name="logout" time="0.002" classname="com.colanInfotech.TextNGBasics.TestNG_Groups"/>
  <testcase name="verfifyTitle" time="0.003" classname="com.colanInfotech.TextNGBasics.TestNG_Groups"/>
  <testcase name="add" time="0.004" classname="com.colanInfotech.TextNGBasics.TestNG_InvocationCount"/>
  <testcase name="add" time="0.004" classname="com.colanInfotech.TextNGBasics.TestNG_InvocationCount"/>
  <testcase name="add" time="0.002" classname="com.colanInfotech.TextNGBasics.TestNG_InvocationCount"/>
  <testcase name="add" time="0.001" classname="com.colanInfotech.TextNGBasics.TestNG_InvocationCount"/>
  <testcase name="add" time="0.002" classname="com.colanInfotech.TextNGBasics.TestNG_InvocationCount"/>
  <testcase name="sample1" time="0.002" classname="com.colanInfotech.TextNGBasics.TestNG_Priorities"/>
  <testcase name="sample3" time="0.001" classname="com.colanInfotech.TextNGBasics.TestNG_Priorities"/>
  <testcase name="sample2" time="0.001" classname="com.colanInfotech.TextNGBasics.TestNG_Priorities"/>
  <testcase name="sample5" time="0.01" classname="com.colanInfotech.TextNGBasics.TestNG_Priorities"/>
  <testcase name="sample4" time="0.002" classname="com.colanInfotech.TextNGBasics.TestNG_Priorities"/>
</testsuite> <!-- Acegrades LoginTest -->
