<html>
<head>
<title>TestNG:  Acegrades LoginTest</title>
<link href="../testng.css" rel="stylesheet" type="text/css" />
<link href="../my-testng.css" rel="stylesheet" type="text/css" />

<style type="text/css">
.log { display: none;} 
.stack-trace { display: none;} 
</style>
<script type="text/javascript">
<!--
function flip(e) {
  current = e.style.display;
  if (current == 'block') {
    e.style.display = 'none';
    return 0;
  }
  else {
    e.style.display = 'block';
    return 1;
  }
}

function toggleBox(szDivId, elem, msg1, msg2)
{
  var res = -1;  if (document.getElementById) {
    res = flip(document.getElementById(szDivId));
  }
  else if (document.all) {
    // this is the way old msie versions work
    res = flip(document.all[szDivId]);
  }
  if(elem) {
    if(res == 0) elem.innerHTML = msg1; else elem.innerHTML = msg2;
  }

}

function toggleAllBoxes() {
  if (document.getElementsByTagName) {
    d = document.getElementsByTagName('div');
    for (i = 0; i < d.length; i++) {
      if (d[i].className == 'log') {
        flip(d[i]);
      }
    }
  }
}

// -->
</script>

</head>
<body>
<h2 align='center'>Acegrades LoginTest</h2><table border='1' align="center">
<tr>
<td>Tests passed/Failed/Skipped:</td><td>19/1/1</td>
</tr><tr>
<td>Started on:</td><td>Fri Sep 28 22:34:59 IST 2018</td>
</tr>
<tr><td>Total time:</td><td>181 seconds (181065 ms)</td>
</tr><tr>
<td>Included groups:</td><td></td>
</tr><tr>
<td>Excluded groups:</td><td></td>
</tr>
</table><p/>
<small><i>(Hover the method name to see the test class name)</i></small><p/>
<table width='100%' border='1' class='invocation-failed'>
<tr><td colspan='4' align='center'><b>FAILED TESTS</b></td></tr>
<tr><td><b>Test method</b></td>
<td width="30%"><b>Exception</b></td>
<td width="10%"><b>Time (seconds)</b></td>
<td><b>Instance</b></td>
</tr>
<tr>
<td title='com.colanInfotech.TextNGBasics.TestNG_DependsOnMethod.loginTest()'><b>loginTest</b><br>Test class: com.colanInfotech.TextNGBasics.TestNG_DependsOnMethod</td>
<td><div><pre>org.openqa.selenium.NoSuchElementException: Unable to locate element: {&quot;method&quot;:&quot;id&quot;,&quot;selector&quot;:&quot;loginId123&quot;}
Command duration or timeout: 30.12 seconds
For documentation on this error, please visit: http://seleniumhq.org/exceptions/no_such_element.html
Build info: version: &apos;2.53.1&apos;, revision: &apos;a36b8b1&apos;, time: &apos;2016-06-30 17:37:03&apos;
System info: host: &apos;DESKTOP-3SUJPVT&apos;, ip: &apos;192.168.211.1&apos;, os.name: &apos;Windows 10&apos;, os.arch: &apos;amd64&apos;, os.version: &apos;10.0&apos;, java.version: &apos;1.8.0_181&apos;
Driver info: org.openqa.selenium.firefox.FirefoxDriver
Capabilities [{applicationCacheEnabled=true, rotatable=false, handlesAlerts=true, databaseEnabled=true, version=43.0.1, platform=WINDOWS, nativeEvents=false, acceptSslCerts=true, webStorageEnabled=true, locationContextEnabled=true, browserName=firefox, takesScreenshot=true, javascriptEnabled=true, cssSelectorsEnabled=true}]
Session ID: 31927a13-11b5-449d-8006-c2bf333853e5
*** Element info: {Using=id, value=loginId123}
	at org.openqa.selenium.remote.ErrorHandler.createThrowable(ErrorHandler.java:206)
	at org.openqa.selenium.remote.ErrorHandler.throwIfResponseFailed(ErrorHandler.java:158)
	at org.openqa.selenium.remote.RemoteWebDriver.execute(RemoteWebDriver.java:678)
	at org.openqa.selenium.remote.RemoteWebDriver.findElement(RemoteWebDriver.java:363)
	at org.openqa.selenium.remote.RemoteWebDriver.findElementById(RemoteWebDriver.java:413)
	at org.openqa.selenium.By$ById.findElement(By.java:218)
	at org.openqa.selenium.remote.RemoteWebDriver.findElement(RemoteWebDriver.java:355)
	at com.colanInfotech.TextNGBasics.TestNG_DependsOnMethod.loginTest(TestNG_DependsOnMethod.java:38)
Caused by: org.openqa.selenium.NoSuchElementException: Unable to locate element: {&quot;method&quot;:&quot;id&quot;,&quot;selector&quot;:&quot;loginId123&quot;}
For documentation on this error, please visit: http://seleniumhq.org/exceptions/no_such_element.html
Build info: version: &apos;2.53.1&apos;, revision: &apos;a36b8b1&apos;, time: &apos;2016-06-30 17:37:03&apos;
System info: host: &apos;DESKTOP-3SUJPVT&apos;, ip: &apos;192.168.211.1&apos;, os.name: &apos;Windows 10&apos;, os.arch: &apos;amd64&apos;, os.version: &apos;10.0&apos;, java.version: &apos;1.8.0_181&apos;
Driver info: driver.version: unknown
	at &lt;anonymous class&gt;.FirefoxDriver.prototype.findElementInternal_(file:///C:/Users/Manohar/AppData/Local/Temp/anonymous6968999886964049738webdriver-profile/extensions/fxdriver@googlecode.com/components/driver-component.js:10770)
	at &lt;anonymous class&gt;.fxdriver.Timer.prototype.setTimeout/&lt;.notify(file:///C:/Users/Manohar/AppData/Local/Temp/anonymous6968999886964049738webdriver-profile/extensions/fxdriver@googlecode.com/components/driver-component.js:625)
... Removed 28 stack frames</pre></div><a href='#' onClick='toggleBox("stack-trace504053874", this, "Click to show all stack frames", "Click to hide stack frames")'>Click to show all stack frames</a>
<div class='stack-trace' id='stack-trace504053874'><pre>org.openqa.selenium.NoSuchElementException: Unable to locate element: {&quot;method&quot;:&quot;id&quot;,&quot;selector&quot;:&quot;loginId123&quot;}
Command duration or timeout: 30.12 seconds
For documentation on this error, please visit: http://seleniumhq.org/exceptions/no_such_element.html
Build info: version: &apos;2.53.1&apos;, revision: &apos;a36b8b1&apos;, time: &apos;2016-06-30 17:37:03&apos;
System info: host: &apos;DESKTOP-3SUJPVT&apos;, ip: &apos;192.168.211.1&apos;, os.name: &apos;Windows 10&apos;, os.arch: &apos;amd64&apos;, os.version: &apos;10.0&apos;, java.version: &apos;1.8.0_181&apos;
Driver info: org.openqa.selenium.firefox.FirefoxDriver
Capabilities [{applicationCacheEnabled=true, rotatable=false, handlesAlerts=true, databaseEnabled=true, version=43.0.1, platform=WINDOWS, nativeEvents=false, acceptSslCerts=true, webStorageEnabled=true, locationContextEnabled=true, browserName=firefox, takesScreenshot=true, javascriptEnabled=true, cssSelectorsEnabled=true}]
Session ID: 31927a13-11b5-449d-8006-c2bf333853e5
*** Element info: {Using=id, value=loginId123}
	at sun.reflect.NativeConstructorAccessorImpl.newInstance0(Native Method)
	at sun.reflect.NativeConstructorAccessorImpl.newInstance(NativeConstructorAccessorImpl.java:62)
	at sun.reflect.DelegatingConstructorAccessorImpl.newInstance(DelegatingConstructorAccessorImpl.java:45)
	at java.lang.reflect.Constructor.newInstance(Constructor.java:423)
	at org.openqa.selenium.remote.ErrorHandler.createThrowable(ErrorHandler.java:206)
	at org.openqa.selenium.remote.ErrorHandler.throwIfResponseFailed(ErrorHandler.java:158)
	at org.openqa.selenium.remote.RemoteWebDriver.execute(RemoteWebDriver.java:678)
	at org.openqa.selenium.remote.RemoteWebDriver.findElement(RemoteWebDriver.java:363)
	at org.openqa.selenium.remote.RemoteWebDriver.findElementById(RemoteWebDriver.java:413)
	at org.openqa.selenium.By$ById.findElement(By.java:218)
	at org.openqa.selenium.remote.RemoteWebDriver.findElement(RemoteWebDriver.java:355)
	at com.colanInfotech.TextNGBasics.TestNG_DependsOnMethod.loginTest(TestNG_DependsOnMethod.java:38)
	at sun.reflect.NativeMethodAccessorImpl.invoke0(Native Method)
	at sun.reflect.NativeMethodAccessorImpl.invoke(NativeMethodAccessorImpl.java:62)
	at sun.reflect.DelegatingMethodAccessorImpl.invoke(DelegatingMethodAccessorImpl.java:43)
	at java.lang.reflect.Method.invoke(Method.java:498)
	at org.testng.internal.MethodInvocationHelper.invokeMethod(MethodInvocationHelper.java:85)
	at org.testng.internal.Invoker.invokeMethod(Invoker.java:639)
	at org.testng.internal.Invoker.invokeTestMethod(Invoker.java:816)
	at org.testng.internal.Invoker.invokeTestMethods(Invoker.java:1124)
	at org.testng.internal.TestMethodWorker.invokeTestMethods(TestMethodWorker.java:125)
	at org.testng.internal.TestMethodWorker.run(TestMethodWorker.java:108)
	at org.testng.TestRunner.privateRun(TestRunner.java:774)
	at org.testng.TestRunner.run(TestRunner.java:624)
	at org.testng.SuiteRunner.runTest(SuiteRunner.java:359)
	at org.testng.SuiteRunner.runSequentially(SuiteRunner.java:354)
	at org.testng.SuiteRunner.privateRun(SuiteRunner.java:312)
	at org.testng.SuiteRunner.run(SuiteRunner.java:261)
	at org.testng.SuiteRunnerWorker.runSuite(SuiteRunnerWorker.java:52)
	at org.testng.SuiteRunnerWorker.run(SuiteRunnerWorker.java:86)
	at org.testng.TestNG.runSuitesSequentially(TestNG.java:1215)
	at org.testng.TestNG.runSuitesLocally(TestNG.java:1140)
	at org.testng.TestNG.run(TestNG.java:1048)
	at org.testng.remote.AbstractRemoteTestNG.run(AbstractRemoteTestNG.java:114)
	at org.testng.remote.RemoteTestNG.initAndRun(RemoteTestNG.java:251)
	at org.testng.remote.RemoteTestNG.main(RemoteTestNG.java:77)
Caused by: org.openqa.selenium.NoSuchElementException: Unable to locate element: {&quot;method&quot;:&quot;id&quot;,&quot;selector&quot;:&quot;loginId123&quot;}
For documentation on this error, please visit: http://seleniumhq.org/exceptions/no_such_element.html
Build info: version: &apos;2.53.1&apos;, revision: &apos;a36b8b1&apos;, time: &apos;2016-06-30 17:37:03&apos;
System info: host: &apos;DESKTOP-3SUJPVT&apos;, ip: &apos;192.168.211.1&apos;, os.name: &apos;Windows 10&apos;, os.arch: &apos;amd64&apos;, os.version: &apos;10.0&apos;, java.version: &apos;1.8.0_181&apos;
Driver info: driver.version: unknown
	at &lt;anonymous class&gt;.FirefoxDriver.prototype.findElementInternal_(file:///C:/Users/Manohar/AppData/Local/Temp/anonymous6968999886964049738webdriver-profile/extensions/fxdriver@googlecode.com/components/driver-component.js:10770)
	at &lt;anonymous class&gt;.fxdriver.Timer.prototype.setTimeout/&lt;.notify(file:///C:/Users/Manohar/AppData/Local/Temp/anonymous6968999886964049738webdriver-profile/extensions/fxdriver@googlecode.com/components/driver-component.js:625)
</pre></div></td>
<td>62</td>
<td>com.colanInfotech.TextNGBasics.TestNG_DependsOnMethod@4de8b406</td></tr>
</table><p>
<table width='100%' border='1' class='invocation-passed'>
<tr><td colspan='4' align='center'><b>PASSED TESTS</b></td></tr>
<tr><td><b>Test method</b></td>
<td width="30%"><b>Exception</b></td>
<td width="10%"><b>Time (seconds)</b></td>
<td><b>Instance</b></td>
</tr>
<tr>
<td title='com.colanInfotech.TextNGBasics.TestNG_InvocationCount.add()'><b>add</b><br>Test class: com.colanInfotech.TextNGBasics.TestNG_InvocationCount</td>
<td></td>
<td>0</td>
<td>com.colanInfotech.TextNGBasics.TestNG_InvocationCount@48eff760</td></tr>
<tr>
<td title='com.colanInfotech.TextNGBasics.TestNG_InvocationCount.add()'><b>add</b><br>Test class: com.colanInfotech.TextNGBasics.TestNG_InvocationCount</td>
<td></td>
<td>0</td>
<td>com.colanInfotech.TextNGBasics.TestNG_InvocationCount@48eff760</td></tr>
<tr>
<td title='com.colanInfotech.TextNGBasics.TestNG_InvocationCount.add()'><b>add</b><br>Test class: com.colanInfotech.TextNGBasics.TestNG_InvocationCount</td>
<td></td>
<td>0</td>
<td>com.colanInfotech.TextNGBasics.TestNG_InvocationCount@48eff760</td></tr>
<tr>
<td title='com.colanInfotech.TextNGBasics.TestNG_InvocationCount.add()'><b>add</b><br>Test class: com.colanInfotech.TextNGBasics.TestNG_InvocationCount</td>
<td></td>
<td>0</td>
<td>com.colanInfotech.TextNGBasics.TestNG_InvocationCount@48eff760</td></tr>
<tr>
<td title='com.colanInfotech.TextNGBasics.TestNG_InvocationCount.add()'><b>add</b><br>Test class: com.colanInfotech.TextNGBasics.TestNG_InvocationCount</td>
<td></td>
<td>0</td>
<td>com.colanInfotech.TextNGBasics.TestNG_InvocationCount@48eff760</td></tr>
<tr>
<td title='com.colanInfotech.TextNGBasics.TestNG_Groups.enterurl()'><b>enterurl</b><br>Test class: com.colanInfotech.TextNGBasics.TestNG_Groups</td>
<td></td>
<td>0</td>
<td>com.colanInfotech.TextNGBasics.TestNG_Groups@7c0e2abd</td></tr>
<tr>
<td title='com.colanInfotech.TextNGBasics.TestNG_Groups.login()'><b>login</b><br>Test class: com.colanInfotech.TextNGBasics.TestNG_Groups</td>
<td></td>
<td>0</td>
<td>com.colanInfotech.TextNGBasics.TestNG_Groups@7c0e2abd</td></tr>
<tr>
<td title='com.colanInfotech.TextNGBasics.TestNG_Groups.loginApp()'><b>loginApp</b><br>Test class: com.colanInfotech.TextNGBasics.TestNG_Groups</td>
<td></td>
<td>0</td>
<td>com.colanInfotech.TextNGBasics.TestNG_Groups@7c0e2abd</td></tr>
<tr>
<td title='com.colanInfotech.TextNGBasics.TestNG_Assertions.logoTest()'><b>logoTest</b><br>Test class: com.colanInfotech.TextNGBasics.TestNG_Assertions</td>
<td></td>
<td>0</td>
<td>com.colanInfotech.TextNGBasics.TestNG_Assertions@6a2bcfcb</td></tr>
<tr>
<td title='com.colanInfotech.TextNGBasics.TestNG_Groups.logout()'><b>logout</b><br>Test class: com.colanInfotech.TextNGBasics.TestNG_Groups</td>
<td></td>
<td>0</td>
<td>com.colanInfotech.TextNGBasics.TestNG_Groups@7c0e2abd</td></tr>
<tr>
<td title='com.colanInfotech.TextNGBasics.TestNG_Priorities.sample1()'><b>sample1</b><br>Test class: com.colanInfotech.TextNGBasics.TestNG_Priorities</td>
<td></td>
<td>0</td>
<td>com.colanInfotech.TextNGBasics.TestNG_Priorities@402f32ff</td></tr>
<tr>
<td title='com.colanInfotech.TextNGBasics.TestNG_Priorities.sample2()'><b>sample2</b><br>Test class: com.colanInfotech.TextNGBasics.TestNG_Priorities</td>
<td></td>
<td>0</td>
<td>com.colanInfotech.TextNGBasics.TestNG_Priorities@402f32ff</td></tr>
<tr>
<td title='com.colanInfotech.TextNGBasics.TestNG_Priorities.sample3()'><b>sample3</b><br>Test class: com.colanInfotech.TextNGBasics.TestNG_Priorities</td>
<td></td>
<td>0</td>
<td>com.colanInfotech.TextNGBasics.TestNG_Priorities@402f32ff</td></tr>
<tr>
<td title='com.colanInfotech.TextNGBasics.TestNG_Priorities.sample4()'><b>sample4</b><br>Test class: com.colanInfotech.TextNGBasics.TestNG_Priorities</td>
<td></td>
<td>0</td>
<td>com.colanInfotech.TextNGBasics.TestNG_Priorities@402f32ff</td></tr>
<tr>
<td title='com.colanInfotech.TextNGBasics.TestNG_Priorities.sample5()'><b>sample5</b><br>Test class: com.colanInfotech.TextNGBasics.TestNG_Priorities</td>
<td></td>
<td>0</td>
<td>com.colanInfotech.TextNGBasics.TestNG_Priorities@402f32ff</td></tr>
<tr>
<td title='com.colanInfotech.TextNGBasics.TestNG_ExceptionTimedOut.test1()'><b>test1</b><br>Test class: com.colanInfotech.TextNGBasics.TestNG_ExceptionTimedOut</td>
<td><div><pre>java.lang.NumberFormatException: For input string: &quot;10A&quot;
	at java.lang.NumberFormatException.forInputString(NumberFormatException.java:65)
	at java.lang.Integer.parseInt(Integer.java:580)
	at java.lang.Integer.parseInt(Integer.java:615)
	at com.colanInfotech.TextNGBasics.TestNG_ExceptionTimedOut.test1(TestNG_ExceptionTimedOut.java:22)
... Removed 24 stack frames</pre></div><a href='#' onClick='toggleBox("stack-trace1171802656", this, "Click to show all stack frames", "Click to hide stack frames")'>Click to show all stack frames</a>
<div class='stack-trace' id='stack-trace1171802656'><pre>java.lang.NumberFormatException: For input string: &quot;10A&quot;
	at java.lang.NumberFormatException.forInputString(NumberFormatException.java:65)
	at java.lang.Integer.parseInt(Integer.java:580)
	at java.lang.Integer.parseInt(Integer.java:615)
	at com.colanInfotech.TextNGBasics.TestNG_ExceptionTimedOut.test1(TestNG_ExceptionTimedOut.java:22)
	at sun.reflect.NativeMethodAccessorImpl.invoke0(Native Method)
	at sun.reflect.NativeMethodAccessorImpl.invoke(NativeMethodAccessorImpl.java:62)
	at sun.reflect.DelegatingMethodAccessorImpl.invoke(DelegatingMethodAccessorImpl.java:43)
	at java.lang.reflect.Method.invoke(Method.java:498)
	at org.testng.internal.MethodInvocationHelper.invokeMethod(MethodInvocationHelper.java:85)
	at org.testng.internal.Invoker.invokeMethod(Invoker.java:639)
	at org.testng.internal.Invoker.invokeTestMethod(Invoker.java:816)
	at org.testng.internal.Invoker.invokeTestMethods(Invoker.java:1124)
	at org.testng.internal.TestMethodWorker.invokeTestMethods(TestMethodWorker.java:125)
	at org.testng.internal.TestMethodWorker.run(TestMethodWorker.java:108)
	at org.testng.TestRunner.privateRun(TestRunner.java:774)
	at org.testng.TestRunner.run(TestRunner.java:624)
	at org.testng.SuiteRunner.runTest(SuiteRunner.java:359)
	at org.testng.SuiteRunner.runSequentially(SuiteRunner.java:354)
	at org.testng.SuiteRunner.privateRun(SuiteRunner.java:312)
	at org.testng.SuiteRunner.run(SuiteRunner.java:261)
	at org.testng.SuiteRunnerWorker.runSuite(SuiteRunnerWorker.java:52)
	at org.testng.SuiteRunnerWorker.run(SuiteRunnerWorker.java:86)
	at org.testng.TestNG.runSuitesSequentially(TestNG.java:1215)
	at org.testng.TestNG.runSuitesLocally(TestNG.java:1140)
	at org.testng.TestNG.run(TestNG.java:1048)
	at org.testng.remote.AbstractRemoteTestNG.run(AbstractRemoteTestNG.java:114)
	at org.testng.remote.RemoteTestNG.initAndRun(RemoteTestNG.java:251)
	at org.testng.remote.RemoteTestNG.main(RemoteTestNG.java:77)
</pre></div></td>
<td>0</td>
<td>com.colanInfotech.TextNGBasics.TestNG_ExceptionTimedOut@3c756e4d</td></tr>
<tr>
<td title='com.colanInfotech.TextNGBasics.TestNG_Groups.verfifyTitle()'><b>verfifyTitle</b><br>Test class: com.colanInfotech.TextNGBasics.TestNG_Groups</td>
<td></td>
<td>0</td>
<td>com.colanInfotech.TextNGBasics.TestNG_Groups@7c0e2abd</td></tr>
<tr>
<td title='com.colanInfotech.TextNGBasics.Sample_TestNGTest.verifyAceLoginTest()'><b>verifyAceLoginTest</b><br>Test class: com.colanInfotech.TextNGBasics.Sample_TestNGTest</td>
<td></td>
<td>14</td>
<td>com.colanInfotech.TextNGBasics.Sample_TestNGTest@1efbd816</td></tr>
<tr>
<td title='com.colanInfotech.TextNGBasics.TestNG_Assertions.verifyAceTitleTest()'><b>verifyAceTitleTest</b><br>Test class: com.colanInfotech.TextNGBasics.TestNG_Assertions</td>
<td></td>
<td>0</td>
<td>com.colanInfotech.TextNGBasics.TestNG_Assertions@6a2bcfcb</td></tr>
</table><p>
<table width='100%' border='1' class='invocation-skipped'>
<tr><td colspan='4' align='center'><b>SKIPPED TESTS</b></td></tr>
<tr><td><b>Test method</b></td>
<td width="30%"><b>Exception</b></td>
<td width="10%"><b>Time (seconds)</b></td>
<td><b>Instance</b></td>
</tr>
<tr>
<td title='com.colanInfotech.TextNGBasics.TestNG_DependsOnMethod.homepageTest()'><b>homepageTest</b><br>Test class: com.colanInfotech.TextNGBasics.TestNG_DependsOnMethod</td>
<td><div><pre>java.lang.Throwable: Method TestNG_DependsOnMethod.homepageTest()[pri:0, instance:com.colanInfotech.TextNGBasics.TestNG_DependsOnMethod@4de8b406] depends on not successfully finished methods
... Removed 17 stack frames</pre></div><a href='#' onClick='toggleBox("stack-trace685558284", this, "Click to show all stack frames", "Click to hide stack frames")'>Click to show all stack frames</a>
<div class='stack-trace' id='stack-trace685558284'><pre>java.lang.Throwable: Method TestNG_DependsOnMethod.homepageTest()[pri:0, instance:com.colanInfotech.TextNGBasics.TestNG_DependsOnMethod@4de8b406] depends on not successfully finished methods
	at org.testng.internal.Invoker.invokeTestMethods(Invoker.java:1033)
	at org.testng.internal.TestMethodWorker.invokeTestMethods(TestMethodWorker.java:125)
	at org.testng.internal.TestMethodWorker.run(TestMethodWorker.java:108)
	at org.testng.TestRunner.privateRun(TestRunner.java:774)
	at org.testng.TestRunner.run(TestRunner.java:624)
	at org.testng.SuiteRunner.runTest(SuiteRunner.java:359)
	at org.testng.SuiteRunner.runSequentially(SuiteRunner.java:354)
	at org.testng.SuiteRunner.privateRun(SuiteRunner.java:312)
	at org.testng.SuiteRunner.run(SuiteRunner.java:261)
	at org.testng.SuiteRunnerWorker.runSuite(SuiteRunnerWorker.java:52)
	at org.testng.SuiteRunnerWorker.run(SuiteRunnerWorker.java:86)
	at org.testng.TestNG.runSuitesSequentially(TestNG.java:1215)
	at org.testng.TestNG.runSuitesLocally(TestNG.java:1140)
	at org.testng.TestNG.run(TestNG.java:1048)
	at org.testng.remote.AbstractRemoteTestNG.run(AbstractRemoteTestNG.java:114)
	at org.testng.remote.RemoteTestNG.initAndRun(RemoteTestNG.java:251)
	at org.testng.remote.RemoteTestNG.main(RemoteTestNG.java:77)
</pre></div></td>
<td>0</td>
<td>null</td></tr>
</table><p>
</body>
</html>