<!DOCTYPE html PUBLIC "-//W3C//DTD XHTML 1.1//EN" "http://www.w3.org/TR/xhtml11/DTD/xhtml11.dtd">
<html xmlns="http://www.w3.org/1999/xhtml"><head><title>TestNG Report</title><style type="text/css">table {margin-bottom:10px;border-collapse:collapse;empty-cells:show}th,td {border:1px solid #009;padding:.25em .5em}th {vertical-align:bottom}td {vertical-align:top}table a {font-weight:bold}.stripe td {background-color: #E6EBF9}.num {text-align:right}.passedodd td {background-color: #3F3}.passedeven td {background-color: #0A0}.skippedodd td {background-color: #DDD}.skippedeven td {background-color: #CCC}.failedodd td,.attn {background-color: #F33}.failedeven td,.stripe .attn {background-color: #D00}.stacktrace {white-space:pre;font-family:monospace}.totop {font-size:85%;text-align:center;border-bottom:2px solid #000}</style></head><body><table><tr><th>Test</th><th># Passed</th><th># Skipped</th><th># Failed</th><th>Time (ms)</th><th>Included Groups</th><th>Excluded Groups</th></tr><tr><th colspan="7">Samle TestNG Test Suite</th></tr><tr><td><a href="#t0">Acegrades LoginTest</a></td><td class="num">19</td><td class="num attn">1</td><td class="num attn">1</td><td class="num">181,065</td><td></td><td></td></tr></table><table><thead><tr><th>Class</th><th>Method</th><th>Start</th><th>Time (ms)</th></tr></thead><tbody><tr><th colspan="4">Samle TestNG Test Suite</th></tr></tbody><tbody id="t0"><tr><th colspan="4">Acegrades LoginTest &#8212; failed</th></tr><tr class="failedeven"><td rowspan="1">com.colanInfotech.TextNGBasics.TestNG_DependsOnMethod</td><td><a href="#m0">loginTest</a></td><td rowspan="1">1538154416480</td><td rowspan="1">62725</td></tr><tr><th colspan="4">Acegrades LoginTest &#8212; skipped</th></tr><tr class="skippedeven"><td rowspan="1">com.colanInfotech.TextNGBasics.TestNG_DependsOnMethod</td><td><a href="#m1">homepageTest</a></td><td rowspan="1">1538154480477</td><td rowspan="1">0</td></tr><tr><th colspan="4">Acegrades LoginTest &#8212; passed</th></tr><tr class="passedeven"><td rowspan="1">com.colanInfotech.TextNGBasics.Sample_TestNGTest</td><td><a href="#m2">verifyAceLoginTest</a></td><td rowspan="1">1538154318124</td><td rowspan="1">14374</td></tr><tr class="passedodd"><td rowspan="2">com.colanInfotech.TextNGBasics.TestNG_Assertions</td><td><a href="#m3">logoTest</a></td><td rowspan="1">1538154392353</td><td rowspan="1">106</td></tr><tr class="passedodd"><td><a href="#m4">verifyAceTitleTest</a></td><td rowspan="1">1538154367066</td><td rowspan="1">23</td></tr><tr class="passedeven"><td rowspan="1">com.colanInfotech.TextNGBasics.TestNG_ExceptionTimedOut</td><td><a href="#m5">test1</a></td><td rowspan="1">1538154480479</td><td rowspan="1">1</td></tr><tr class="passedodd"><td rowspan="5">com.colanInfotech.TextNGBasics.TestNG_Groups</td><td><a href="#m6">enterurl</a></td><td rowspan="1">1538154480483</td><td rowspan="1">2</td></tr><tr class="passedodd"><td><a href="#m7">login</a></td><td rowspan="1">1538154480488</td><td rowspan="1">6</td></tr><tr class="passedodd"><td><a href="#m8">loginApp</a></td><td rowspan="1">1538154480495</td><td rowspan="1">2</td></tr><tr class="passedodd"><td><a href="#m9">logout</a></td><td rowspan="1">1538154480500</td><td rowspan="1">2</td></tr><tr class="passedodd"><td><a href="#m10">verfifyTitle</a></td><td rowspan="1">1538154480505</td><td rowspan="1">3</td></tr><tr class="passedeven"><td rowspan="5">com.colanInfotech.TextNGBasics.TestNG_InvocationCount</td><td><a href="#m11">add</a></td><td rowspan="5">1538154480545</td><td rowspan="5">2</td></tr><tr class="passedeven"><td><a href="#m12">add</a></td></tr><tr class="passedeven"><td><a href="#m13">add</a></td></tr><tr class="passedeven"><td><a href="#m14">add</a></td></tr><tr class="passedeven"><td><a href="#m15">add</a></td></tr><tr class="passedodd"><td rowspan="5">com.colanInfotech.TextNGBasics.TestNG_Priorities</td><td><a href="#m16">sample1</a></td><td rowspan="1">1538154480555</td><td rowspan="1">2</td></tr><tr class="passedodd"><td><a href="#m17">sample2</a></td><td rowspan="1">1538154480562</td><td rowspan="1">1</td></tr><tr class="passedodd"><td><a href="#m18">sample3</a></td><td rowspan="1">1538154480559</td><td rowspan="1">1</td></tr><tr class="passedodd"><td><a href="#m19">sample4</a></td><td rowspan="1">1538154480578</td><td rowspan="1">2</td></tr><tr class="passedodd"><td><a href="#m20">sample5</a></td><td rowspan="1">1538154480566</td><td rowspan="1">10</td></tr></tbody></table><h2>Acegrades LoginTest</h2><h3 id="m0">com.colanInfotech.TextNGBasics.TestNG_DependsOnMethod#loginTest</h3><table class="result"><tr><th>Exception</th></tr><tr><td><div class="stacktrace">org.openqa.selenium.NoSuchElementException: Unable to locate element: {&quot;method&quot;:&quot;id&quot;,&quot;selector&quot;:&quot;loginId123&quot;}
Command duration or timeout: 30.12 seconds
For documentation on this error, please visit: http://seleniumhq.org/exceptions/no_such_element.html
Build info: version: &apos;2.53.1&apos;, revision: &apos;a36b8b1&apos;, time: &apos;2016-06-30 17:37:03&apos;
System info: host: &apos;DESKTOP-3SUJPVT&apos;, ip: &apos;192.168.211.1&apos;, os.name: &apos;Windows 10&apos;, os.arch: &apos;amd64&apos;, os.version: &apos;10.0&apos;, java.version: &apos;1.8.0_181&apos;
Driver info: org.openqa.selenium.firefox.FirefoxDriver
Capabilities [{applicationCacheEnabled=true, rotatable=false, handlesAlerts=true, databaseEnabled=true, version=43.0.1, platform=WINDOWS, nativeEvents=false, acceptSslCerts=true, webStorageEnabled=true, locationContextEnabled=true, browserName=firefox, takesScreenshot=true, javascriptEnabled=true, cssSelectorsEnabled=true}]
Session ID: 31927a13-11b5-449d-8006-c2bf333853e5
*** Element info: {Using=id, value=loginId123}
	at org.openqa.selenium.remote.ErrorHandler.createThrowable(ErrorHandler.java:206)
	at org.openqa.selenium.remote.ErrorHandler.throwIfResponseFailed(ErrorHandler.java:158)
	at org.openqa.selenium.remote.RemoteWebDriver.execute(RemoteWebDriver.java:678)
	at org.openqa.selenium.remote.RemoteWebDriver.findElement(RemoteWebDriver.java:363)
	at org.openqa.selenium.remote.RemoteWebDriver.findElementById(RemoteWebDriver.java:413)
	at org.openqa.selenium.By$ById.findElement(By.java:218)
	at org.openqa.selenium.remote.RemoteWebDriver.findElement(RemoteWebDriver.java:355)
	at com.colanInfotech.TextNGBasics.TestNG_DependsOnMethod.loginTest(TestNG_DependsOnMethod.java:38)
Caused by: org.openqa.selenium.NoSuchElementException: Unable to locate element: {&quot;method&quot;:&quot;id&quot;,&quot;selector&quot;:&quot;loginId123&quot;}
For documentation on this error, please visit: http://seleniumhq.org/exceptions/no_such_element.html
Build info: version: &apos;2.53.1&apos;, revision: &apos;a36b8b1&apos;, time: &apos;2016-06-30 17:37:03&apos;
System info: host: &apos;DESKTOP-3SUJPVT&apos;, ip: &apos;192.168.211.1&apos;, os.name: &apos;Windows 10&apos;, os.arch: &apos;amd64&apos;, os.version: &apos;10.0&apos;, java.version: &apos;1.8.0_181&apos;
Driver info: driver.version: unknown
	at &lt;anonymous class&gt;.FirefoxDriver.prototype.findElementInternal_(file:///C:/Users/Manohar/AppData/Local/Temp/anonymous6968999886964049738webdriver-profile/extensions/fxdriver@googlecode.com/components/driver-component.js:10770)
	at &lt;anonymous class&gt;.fxdriver.Timer.prototype.setTimeout/&lt;.notify(file:///C:/Users/Manohar/AppData/Local/Temp/anonymous6968999886964049738webdriver-profile/extensions/fxdriver@googlecode.com/components/driver-component.js:625)
... Removed 28 stack frames</div></td></tr></table><p class="totop"><a href="#summary">back to summary</a></p><h3 id="m1">com.colanInfotech.TextNGBasics.TestNG_DependsOnMethod#homepageTest</h3><table class="result"><tr><th>Exception</th></tr><tr><td><div class="stacktrace">java.lang.Throwable: Method TestNG_DependsOnMethod.homepageTest()[pri:0, instance:com.colanInfotech.TextNGBasics.TestNG_DependsOnMethod@4de8b406] depends on not successfully finished methods
... Removed 17 stack frames</div></td></tr></table><p class="totop"><a href="#summary">back to summary</a></p><h3 id="m2">com.colanInfotech.TextNGBasics.Sample_TestNGTest#verifyAceLoginTest</h3><table class="result"></table><p class="totop"><a href="#summary">back to summary</a></p><h3 id="m3">com.colanInfotech.TextNGBasics.TestNG_Assertions#logoTest</h3><table class="result"></table><p class="totop"><a href="#summary">back to summary</a></p><h3 id="m4">com.colanInfotech.TextNGBasics.TestNG_Assertions#verifyAceTitleTest</h3><table class="result"></table><p class="totop"><a href="#summary">back to summary</a></p><h3 id="m5">com.colanInfotech.TextNGBasics.TestNG_ExceptionTimedOut#test1</h3><table class="result"><tr><th>Expected Exception</th></tr><tr><td><div class="stacktrace">java.lang.NumberFormatException: For input string: &quot;10A&quot;
	at java.lang.NumberFormatException.forInputString(NumberFormatException.java:65)
	at java.lang.Integer.parseInt(Integer.java:580)
	at java.lang.Integer.parseInt(Integer.java:615)
	at com.colanInfotech.TextNGBasics.TestNG_ExceptionTimedOut.test1(TestNG_ExceptionTimedOut.java:22)
... Removed 24 stack frames</div></td></tr></table><p class="totop"><a href="#summary">back to summary</a></p><h3 id="m6">com.colanInfotech.TextNGBasics.TestNG_Groups#enterurl</h3><table class="result"></table><p class="totop"><a href="#summary">back to summary</a></p><h3 id="m7">com.colanInfotech.TextNGBasics.TestNG_Groups#login</h3><table class="result"></table><p class="totop"><a href="#summary">back to summary</a></p><h3 id="m8">com.colanInfotech.TextNGBasics.TestNG_Groups#loginApp</h3><table class="result"></table><p class="totop"><a href="#summary">back to summary</a></p><h3 id="m9">com.colanInfotech.TextNGBasics.TestNG_Groups#logout</h3><table class="result"></table><p class="totop"><a href="#summary">back to summary</a></p><h3 id="m10">com.colanInfotech.TextNGBasics.TestNG_Groups#verfifyTitle</h3><table class="result"></table><p class="totop"><a href="#summary">back to summary</a></p><h3 id="m11">com.colanInfotech.TextNGBasics.TestNG_InvocationCount#add</h3><table class="result"></table><p class="totop"><a href="#summary">back to summary</a></p><h3 id="m12">com.colanInfotech.TextNGBasics.TestNG_InvocationCount#add</h3><table class="result"></table><p class="totop"><a href="#summary">back to summary</a></p><h3 id="m13">com.colanInfotech.TextNGBasics.TestNG_InvocationCount#add</h3><table class="result"></table><p class="totop"><a href="#summary">back to summary</a></p><h3 id="m14">com.colanInfotech.TextNGBasics.TestNG_InvocationCount#add</h3><table class="result"></table><p class="totop"><a href="#summary">back to summary</a></p><h3 id="m15">com.colanInfotech.TextNGBasics.TestNG_InvocationCount#add</h3><table class="result"></table><p class="totop"><a href="#summary">back to summary</a></p><h3 id="m16">com.colanInfotech.TextNGBasics.TestNG_Priorities#sample1</h3><table class="result"></table><p class="totop"><a href="#summary">back to summary</a></p><h3 id="m17">com.colanInfotech.TextNGBasics.TestNG_Priorities#sample2</h3><table class="result"></table><p class="totop"><a href="#summary">back to summary</a></p><h3 id="m18">com.colanInfotech.TextNGBasics.TestNG_Priorities#sample3</h3><table class="result"></table><p class="totop"><a href="#summary">back to summary</a></p><h3 id="m19">com.colanInfotech.TextNGBasics.TestNG_Priorities#sample4</h3><table class="result"></table><p class="totop"><a href="#summary">back to summary</a></p><h3 id="m20">com.colanInfotech.TextNGBasics.TestNG_Priorities#sample5</h3><table class="result"></table><p class="totop"><a href="#summary">back to summary</a></p></body></html>