<?xml version="1.0" encoding="UTF-8"?>
<testng-results skipped="1" failed="1" total="21" passed="19">
  <reporter-output>
  </reporter-output>
  <suite name="Samle TestNG Test Suite" duration-ms="181065" started-at="2018-09-28T17:04:59Z" finished-at="2018-09-28T17:08:00Z">
    <groups>
      <group name="VerifyTitle">
        <method signature="TestNG_Groups.verfifyTitle()[pri:0, instance:com.colanInfotech.TextNGBasics.TestNG_Groups@7c0e2abd]" name="verfifyTitle" class="com.colanInfotech.TextNGBasics.TestNG_Groups"/>
      </group> <!-- VerifyTitle -->
      <group name="Logout">
        <method signature="TestNG_Groups.logout()[pri:0, instance:com.colanInfotech.TextNGBasics.TestNG_Groups@7c0e2abd]" name="logout" class="com.colanInfotech.TextNGBasics.TestNG_Groups"/>
      </group> <!-- Logout -->
      <group name="Login">
        <method signature="TestNG_Groups.login()[pri:0, instance:com.colanInfotech.TextNGBasics.TestNG_Groups@7c0e2abd]" name="login" class="com.colanInfotech.TextNGBasics.TestNG_Groups"/>
        <method signature="TestNG_Groups.loginApp()[pri:0, instance:com.colanInfotech.TextNGBasics.TestNG_Groups@7c0e2abd]" name="loginApp" class="com.colanInfotech.TextNGBasics.TestNG_Groups"/>
      </group> <!-- Login -->
      <group name="enterURL">
        <method signature="TestNG_Groups.enterurl()[pri:0, instance:com.colanInfotech.TextNGBasics.TestNG_Groups@7c0e2abd]" name="enterurl" class="com.colanInfotech.TextNGBasics.TestNG_Groups"/>
      </group> <!-- enterURL -->
    </groups>
    <test name="Acegrades LoginTest" duration-ms="181065" started-at="2018-09-28T17:04:59Z" finished-at="2018-09-28T17:08:00Z">
      <class name="com.colanInfotech.TextNGBasics.TestNG_ExceptionTimedOut">
        <test-method status="PASS" signature="test1()[pri:0, instance:com.colanInfotech.TextNGBasics.TestNG_ExceptionTimedOut@3c756e4d]" name="test1" duration-ms="1" started-at="2018-09-28T22:38:00Z" finished-at="2018-09-28T22:38:00Z">
          <exception class="java.lang.NumberFormatException">
            <message>
              <![CDATA[For input string: "10A"]]>
            </message>
            <full-stacktrace>
              <![CDATA[java.lang.NumberFormatException: For input string: "10A"
	at java.lang.NumberFormatException.forInputString(NumberFormatException.java:65)
	at java.lang.Integer.parseInt(Integer.java:580)
	at java.lang.Integer.parseInt(Integer.java:615)
	at com.colanInfotech.TextNGBasics.TestNG_ExceptionTimedOut.test1(TestNG_ExceptionTimedOut.java:22)
	at sun.reflect.NativeMethodAccessorImpl.invoke0(Native Method)
	at sun.reflect.NativeMethodAccessorImpl.invoke(NativeMethodAccessorImpl.java:62)
	at sun.reflect.DelegatingMethodAccessorImpl.invoke(DelegatingMethodAccessorImpl.java:43)
	at java.lang.reflect.Method.invoke(Method.java:498)
	at org.testng.internal.MethodInvocationHelper.invokeMethod(MethodInvocationHelper.java:85)
	at org.testng.internal.Invoker.invokeMethod(Invoker.java:639)
	at org.testng.internal.Invoker.invokeTestMethod(Invoker.java:816)
	at org.testng.internal.Invoker.invokeTestMethods(Invoker.java:1124)
	at org.testng.internal.TestMethodWorker.invokeTestMethods(TestMethodWorker.java:125)
	at org.testng.internal.TestMethodWorker.run(TestMethodWorker.java:108)
	at org.testng.TestRunner.privateRun(TestRunner.java:774)
	at org.testng.TestRunner.run(TestRunner.java:624)
	at org.testng.SuiteRunner.runTest(SuiteRunner.java:359)
	at org.testng.SuiteRunner.runSequentially(SuiteRunner.java:354)
	at org.testng.SuiteRunner.privateRun(SuiteRunner.java:312)
	at org.testng.SuiteRunner.run(SuiteRunner.java:261)
	at org.testng.SuiteRunnerWorker.runSuite(SuiteRunnerWorker.java:52)
	at org.testng.SuiteRunnerWorker.run(SuiteRunnerWorker.java:86)
	at org.testng.TestNG.runSuitesSequentially(TestNG.java:1215)
	at org.testng.TestNG.runSuitesLocally(TestNG.java:1140)
	at org.testng.TestNG.run(TestNG.java:1048)
	at org.testng.remote.AbstractRemoteTestNG.run(AbstractRemoteTestNG.java:114)
	at org.testng.remote.RemoteTestNG.initAndRun(RemoteTestNG.java:251)
	at org.testng.remote.RemoteTestNG.main(RemoteTestNG.java:77)
]]>
            </full-stacktrace>
          </exception> <!-- java.lang.NumberFormatException -->
          <reporter-output>
          </reporter-output>
        </test-method> <!-- test1 -->
      </class> <!-- com.colanInfotech.TextNGBasics.TestNG_ExceptionTimedOut -->
      <class name="com.colanInfotech.TextNGBasics.TestNG_Groups">
        <test-method status="PASS" signature="enterurl()[pri:0, instance:com.colanInfotech.TextNGBasics.TestNG_Groups@7c0e2abd]" name="enterurl" duration-ms="2" started-at="2018-09-28T22:38:00Z" finished-at="2018-09-28T22:38:00Z">
          <reporter-output>
          </reporter-output>
        </test-method> <!-- enterurl -->
        <test-method status="PASS" signature="login()[pri:0, instance:com.colanInfotech.TextNGBasics.TestNG_Groups@7c0e2abd]" name="login" duration-ms="6" started-at="2018-09-28T22:38:00Z" finished-at="2018-09-28T22:38:00Z">
          <reporter-output>
          </reporter-output>
        </test-method> <!-- login -->
        <test-method status="PASS" signature="loginApp()[pri:0, instance:com.colanInfotech.TextNGBasics.TestNG_Groups@7c0e2abd]" name="loginApp" duration-ms="2" started-at="2018-09-28T22:38:00Z" finished-at="2018-09-28T22:38:00Z">
          <reporter-output>
          </reporter-output>
        </test-method> <!-- loginApp -->
        <test-method status="PASS" signature="logout()[pri:0, instance:com.colanInfotech.TextNGBasics.TestNG_Groups@7c0e2abd]" name="logout" duration-ms="2" started-at="2018-09-28T22:38:00Z" finished-at="2018-09-28T22:38:00Z">
          <reporter-output>
          </reporter-output>
        </test-method> <!-- logout -->
        <test-method status="PASS" signature="verfifyTitle()[pri:0, instance:com.colanInfotech.TextNGBasics.TestNG_Groups@7c0e2abd]" name="verfifyTitle" duration-ms="3" started-at="2018-09-28T22:38:00Z" finished-at="2018-09-28T22:38:00Z">
          <reporter-output>
          </reporter-output>
        </test-method> <!-- verfifyTitle -->
      </class> <!-- com.colanInfotech.TextNGBasics.TestNG_Groups -->
      <class name="com.colanInfotech.TextNGBasics.TestNG_InvocationCount">
        <test-method status="PASS" signature="add()[pri:0, instance:com.colanInfotech.TextNGBasics.TestNG_InvocationCount@48eff760]" name="add" duration-ms="4" started-at="2018-09-28T22:38:00Z" finished-at="2018-09-28T22:38:00Z">
          <reporter-output>
          </reporter-output>
        </test-method> <!-- add -->
        <test-method status="PASS" signature="add()[pri:0, instance:com.colanInfotech.TextNGBasics.TestNG_InvocationCount@48eff760]" name="add" duration-ms="4" started-at="2018-09-28T22:38:00Z" finished-at="2018-09-28T22:38:00Z">
          <reporter-output>
          </reporter-output>
        </test-method> <!-- add -->
        <test-method status="PASS" signature="add()[pri:0, instance:com.colanInfotech.TextNGBasics.TestNG_InvocationCount@48eff760]" name="add" duration-ms="2" started-at="2018-09-28T22:38:00Z" finished-at="2018-09-28T22:38:00Z">
          <reporter-output>
          </reporter-output>
        </test-method> <!-- add -->
        <test-method status="PASS" signature="add()[pri:0, instance:com.colanInfotech.TextNGBasics.TestNG_InvocationCount@48eff760]" name="add" duration-ms="1" started-at="2018-09-28T22:38:00Z" finished-at="2018-09-28T22:38:00Z">
          <reporter-output>
          </reporter-output>
        </test-method> <!-- add -->
        <test-method status="PASS" signature="add()[pri:0, instance:com.colanInfotech.TextNGBasics.TestNG_InvocationCount@48eff760]" name="add" duration-ms="2" started-at="2018-09-28T22:38:00Z" finished-at="2018-09-28T22:38:00Z">
          <reporter-output>
          </reporter-output>
        </test-method> <!-- add -->
      </class> <!-- com.colanInfotech.TextNGBasics.TestNG_InvocationCount -->
      <class name="com.colanInfotech.TextNGBasics.Sample_TestNGTest">
        <test-method status="PASS" signature="setup()[pri:0, instance:com.colanInfotech.TextNGBasics.Sample_TestNGTest@1efbd816]" name="setup" is-config="true" duration-ms="18584" started-at="2018-09-28T22:34:59Z" finished-at="2018-09-28T22:35:18Z">
          <reporter-output>
          </reporter-output>
        </test-method> <!-- setup -->
        <test-method status="PASS" signature="verifyAceLoginTest()[pri:0, instance:com.colanInfotech.TextNGBasics.Sample_TestNGTest@1efbd816]" name="verifyAceLoginTest" duration-ms="14374" started-at="2018-09-28T22:35:18Z" finished-at="2018-09-28T22:35:32Z">
          <reporter-output>
          </reporter-output>
        </test-method> <!-- verifyAceLoginTest -->
        <test-method status="PASS" signature="teardown()[pri:0, instance:com.colanInfotech.TextNGBasics.Sample_TestNGTest@1efbd816]" name="teardown" is-config="true" duration-ms="16" started-at="2018-09-28T22:35:32Z" finished-at="2018-09-28T22:35:32Z">
          <reporter-output>
          </reporter-output>
        </test-method> <!-- teardown -->
      </class> <!-- com.colanInfotech.TextNGBasics.Sample_TestNGTest -->
      <class name="com.colanInfotech.TextNGBasics.TestNG_Priorities">
        <test-method status="PASS" signature="sample1()[pri:1, instance:com.colanInfotech.TextNGBasics.TestNG_Priorities@402f32ff]" name="sample1" duration-ms="2" started-at="2018-09-28T22:38:00Z" finished-at="2018-09-28T22:38:00Z">
          <reporter-output>
          </reporter-output>
        </test-method> <!-- sample1 -->
        <test-method status="PASS" signature="sample3()[pri:2, instance:com.colanInfotech.TextNGBasics.TestNG_Priorities@402f32ff]" name="sample3" duration-ms="1" started-at="2018-09-28T22:38:00Z" finished-at="2018-09-28T22:38:00Z">
          <reporter-output>
          </reporter-output>
        </test-method> <!-- sample3 -->
        <test-method status="PASS" signature="sample2()[pri:3, instance:com.colanInfotech.TextNGBasics.TestNG_Priorities@402f32ff]" name="sample2" duration-ms="1" started-at="2018-09-28T22:38:00Z" finished-at="2018-09-28T22:38:00Z">
          <reporter-output>
          </reporter-output>
        </test-method> <!-- sample2 -->
        <test-method status="PASS" signature="sample5()[pri:4, instance:com.colanInfotech.TextNGBasics.TestNG_Priorities@402f32ff]" name="sample5" duration-ms="10" started-at="2018-09-28T22:38:00Z" finished-at="2018-09-28T22:38:00Z">
          <reporter-output>
          </reporter-output>
        </test-method> <!-- sample5 -->
        <test-method status="PASS" signature="sample4()[pri:5, instance:com.colanInfotech.TextNGBasics.TestNG_Priorities@402f32ff]" name="sample4" duration-ms="2" started-at="2018-09-28T22:38:00Z" finished-at="2018-09-28T22:38:00Z">
          <reporter-output>
          </reporter-output>
        </test-method> <!-- sample4 -->
      </class> <!-- com.colanInfotech.TextNGBasics.TestNG_Priorities -->
      <class name="com.colanInfotech.TextNGBasics.TestNG_Assertions">
        <test-method status="PASS" signature="setup()[pri:0, instance:com.colanInfotech.TextNGBasics.TestNG_Assertions@6a2bcfcb]" name="setup" is-config="true" duration-ms="34549" started-at="2018-09-28T22:35:32Z" finished-at="2018-09-28T22:36:07Z">
          <reporter-output>
          </reporter-output>
        </test-method> <!-- setup -->
        <test-method status="PASS" signature="verifyAceTitleTest()[pri:0, instance:com.colanInfotech.TextNGBasics.TestNG_Assertions@6a2bcfcb]" name="verifyAceTitleTest" duration-ms="23" started-at="2018-09-28T22:36:07Z" finished-at="2018-09-28T22:36:07Z">
          <reporter-output>
          </reporter-output>
        </test-method> <!-- verifyAceTitleTest -->
        <test-method status="PASS" signature="teardown()[pri:0, instance:com.colanInfotech.TextNGBasics.TestNG_Assertions@6a2bcfcb]" name="teardown" is-config="true" duration-ms="16" started-at="2018-09-28T22:36:07Z" finished-at="2018-09-28T22:36:07Z">
          <reporter-output>
          </reporter-output>
        </test-method> <!-- teardown -->
        <test-method status="PASS" signature="setup()[pri:0, instance:com.colanInfotech.TextNGBasics.TestNG_Assertions@6a2bcfcb]" name="setup" is-config="true" duration-ms="25246" started-at="2018-09-28T22:36:07Z" finished-at="2018-09-28T22:36:32Z">
          <reporter-output>
          </reporter-output>
        </test-method> <!-- setup -->
        <test-method status="PASS" signature="logoTest()[pri:0, instance:com.colanInfotech.TextNGBasics.TestNG_Assertions@6a2bcfcb]" name="logoTest" duration-ms="106" started-at="2018-09-28T22:36:32Z" finished-at="2018-09-28T22:36:32Z">
          <reporter-output>
          </reporter-output>
        </test-method> <!-- logoTest -->
        <test-method status="PASS" signature="teardown()[pri:0, instance:com.colanInfotech.TextNGBasics.TestNG_Assertions@6a2bcfcb]" name="teardown" is-config="true" duration-ms="11" started-at="2018-09-28T22:36:32Z" finished-at="2018-09-28T22:36:32Z">
          <reporter-output>
          </reporter-output>
        </test-method> <!-- teardown -->
      </class> <!-- com.colanInfotech.TextNGBasics.TestNG_Assertions -->
      <class name="com.colanInfotech.TextNGBasics.TestNG_DependsOnMethod">
        <test-method status="PASS" signature="launchAp()[pri:0, instance:com.colanInfotech.TextNGBasics.TestNG_DependsOnMethod@4de8b406]" name="launchAp" is-config="true" duration-ms="24008" started-at="2018-09-28T22:36:32Z" finished-at="2018-09-28T22:36:56Z">
          <reporter-output>
          </reporter-output>
        </test-method> <!-- launchAp -->
        <test-method status="FAIL" signature="loginTest()[pri:0, instance:com.colanInfotech.TextNGBasics.TestNG_DependsOnMethod@4de8b406]" name="loginTest" duration-ms="62725" started-at="2018-09-28T22:36:56Z" finished-at="2018-09-28T22:37:59Z">
          <exception class="org.openqa.selenium.NoSuchElementException">
            <message>
              <![CDATA[Unable to locate element: {"method":"id","selector":"loginId123"}
Command duration or timeout: 30.12 seconds
For documentation on this error, please visit: http://seleniumhq.org/exceptions/no_such_element.html
Build info: version: '2.53.1', revision: 'a36b8b1', time: '2016-06-30 17:37:03'
System info: host: 'DESKTOP-3SUJPVT', ip: '192.168.211.1', os.name: 'Windows 10', os.arch: 'amd64', os.version: '10.0', java.version: '1.8.0_181'
Driver info: org.openqa.selenium.firefox.FirefoxDriver
Capabilities [{applicationCacheEnabled=true, rotatable=false, handlesAlerts=true, databaseEnabled=true, version=43.0.1, platform=WINDOWS, nativeEvents=false, acceptSslCerts=true, webStorageEnabled=true, locationContextEnabled=true, browserName=firefox, takesScreenshot=true, javascriptEnabled=true, cssSelectorsEnabled=true}]
Session ID: 31927a13-11b5-449d-8006-c2bf333853e5
*** Element info: {Using=id, value=loginId123}]]>
            </message>
            <full-stacktrace>
              <![CDATA[org.openqa.selenium.NoSuchElementException: Unable to locate element: {"method":"id","selector":"loginId123"}
Command duration or timeout: 30.12 seconds
For documentation on this error, please visit: http://seleniumhq.org/exceptions/no_such_element.html
Build info: version: '2.53.1', revision: 'a36b8b1', time: '2016-06-30 17:37:03'
System info: host: 'DESKTOP-3SUJPVT', ip: '192.168.211.1', os.name: 'Windows 10', os.arch: 'amd64', os.version: '10.0', java.version: '1.8.0_181'
Driver info: org.openqa.selenium.firefox.FirefoxDriver
Capabilities [{applicationCacheEnabled=true, rotatable=false, handlesAlerts=true, databaseEnabled=true, version=43.0.1, platform=WINDOWS, nativeEvents=false, acceptSslCerts=true, webStorageEnabled=true, locationContextEnabled=true, browserName=firefox, takesScreenshot=true, javascriptEnabled=true, cssSelectorsEnabled=true}]
Session ID: 31927a13-11b5-449d-8006-c2bf333853e5
*** Element info: {Using=id, value=loginId123}
	at sun.reflect.NativeConstructorAccessorImpl.newInstance0(Native Method)
	at sun.reflect.NativeConstructorAccessorImpl.newInstance(NativeConstructorAccessorImpl.java:62)
	at sun.reflect.DelegatingConstructorAccessorImpl.newInstance(DelegatingConstructorAccessorImpl.java:45)
	at java.lang.reflect.Constructor.newInstance(Constructor.java:423)
	at org.openqa.selenium.remote.ErrorHandler.createThrowable(ErrorHandler.java:206)
	at org.openqa.selenium.remote.ErrorHandler.throwIfResponseFailed(ErrorHandler.java:158)
	at org.openqa.selenium.remote.RemoteWebDriver.execute(RemoteWebDriver.java:678)
	at org.openqa.selenium.remote.RemoteWebDriver.findElement(RemoteWebDriver.java:363)
	at org.openqa.selenium.remote.RemoteWebDriver.findElementById(RemoteWebDriver.java:413)
	at org.openqa.selenium.By$ById.findElement(By.java:218)
	at org.openqa.selenium.remote.RemoteWebDriver.findElement(RemoteWebDriver.java:355)
	at com.colanInfotech.TextNGBasics.TestNG_DependsOnMethod.loginTest(TestNG_DependsOnMethod.java:38)
	at sun.reflect.NativeMethodAccessorImpl.invoke0(Native Method)
	at sun.reflect.NativeMethodAccessorImpl.invoke(NativeMethodAccessorImpl.java:62)
	at sun.reflect.DelegatingMethodAccessorImpl.invoke(DelegatingMethodAccessorImpl.java:43)
	at java.lang.reflect.Method.invoke(Method.java:498)
	at org.testng.internal.MethodInvocationHelper.invokeMethod(MethodInvocationHelper.java:85)
	at org.testng.internal.Invoker.invokeMethod(Invoker.java:639)
	at org.testng.internal.Invoker.invokeTestMethod(Invoker.java:816)
	at org.testng.internal.Invoker.invokeTestMethods(Invoker.java:1124)
	at org.testng.internal.TestMethodWorker.invokeTestMethods(TestMethodWorker.java:125)
	at org.testng.internal.TestMethodWorker.run(TestMethodWorker.java:108)
	at org.testng.TestRunner.privateRun(TestRunner.java:774)
	at org.testng.TestRunner.run(TestRunner.java:624)
	at org.testng.SuiteRunner.runTest(SuiteRunner.java:359)
	at org.testng.SuiteRunner.runSequentially(SuiteRunner.java:354)
	at org.testng.SuiteRunner.privateRun(SuiteRunner.java:312)
	at org.testng.SuiteRunner.run(SuiteRunner.java:261)
	at org.testng.SuiteRunnerWorker.runSuite(SuiteRunnerWorker.java:52)
	at org.testng.SuiteRunnerWorker.run(SuiteRunnerWorker.java:86)
	at org.testng.TestNG.runSuitesSequentially(TestNG.java:1215)
	at org.testng.TestNG.runSuitesLocally(TestNG.java:1140)
	at org.testng.TestNG.run(TestNG.java:1048)
	at org.testng.remote.AbstractRemoteTestNG.run(AbstractRemoteTestNG.java:114)
	at org.testng.remote.RemoteTestNG.initAndRun(RemoteTestNG.java:251)
	at org.testng.remote.RemoteTestNG.main(RemoteTestNG.java:77)
Caused by: org.openqa.selenium.NoSuchElementException: Unable to locate element: {"method":"id","selector":"loginId123"}
For documentation on this error, please visit: http://seleniumhq.org/exceptions/no_such_element.html
Build info: version: '2.53.1', revision: 'a36b8b1', time: '2016-06-30 17:37:03'
System info: host: 'DESKTOP-3SUJPVT', ip: '192.168.211.1', os.name: 'Windows 10', os.arch: 'amd64', os.version: '10.0', java.version: '1.8.0_181'
Driver info: driver.version: unknown
	at <anonymous class>.FirefoxDriver.prototype.findElementInternal_(file:///C:/Users/Manohar/AppData/Local/Temp/anonymous6968999886964049738webdriver-profile/extensions/fxdriver@googlecode.com/components/driver-component.js:10770)
	at <anonymous class>.fxdriver.Timer.prototype.setTimeout/<.notify(file:///C:/Users/Manohar/AppData/Local/Temp/anonymous6968999886964049738webdriver-profile/extensions/fxdriver@googlecode.com/components/driver-component.js:625)
]]>
            </full-stacktrace>
          </exception> <!-- org.openqa.selenium.NoSuchElementException -->
          <reporter-output>
          </reporter-output>
        </test-method> <!-- loginTest -->
        <test-method status="PASS" signature="closeApp()[pri:0, instance:com.colanInfotech.TextNGBasics.TestNG_DependsOnMethod@4de8b406]" name="closeApp" is-config="true" duration-ms="1256" started-at="2018-09-28T22:37:59Z" finished-at="2018-09-28T22:38:00Z">
          <reporter-output>
          </reporter-output>
        </test-method> <!-- closeApp -->
        <test-method status="SKIP" signature="homepageTest()[pri:0, instance:com.colanInfotech.TextNGBasics.TestNG_DependsOnMethod@4de8b406]" name="homepageTest" duration-ms="0" started-at="2018-09-28T22:38:00Z" depends-on-methods="com.colanInfotech.TextNGBasics.TestNG_DependsOnMethod.loginTest" finished-at="2018-09-28T22:38:00Z">
          <exception class="java.lang.Throwable">
            <message>
              <![CDATA[Method TestNG_DependsOnMethod.homepageTest()[pri:0, instance:com.colanInfotech.TextNGBasics.TestNG_DependsOnMethod@4de8b406] depends on not successfully finished methods]]>
            </message>
            <full-stacktrace>
              <![CDATA[java.lang.Throwable: Method TestNG_DependsOnMethod.homepageTest()[pri:0, instance:com.colanInfotech.TextNGBasics.TestNG_DependsOnMethod@4de8b406] depends on not successfully finished methods
	at org.testng.internal.Invoker.invokeTestMethods(Invoker.java:1033)
	at org.testng.internal.TestMethodWorker.invokeTestMethods(TestMethodWorker.java:125)
	at org.testng.internal.TestMethodWorker.run(TestMethodWorker.java:108)
	at org.testng.TestRunner.privateRun(TestRunner.java:774)
	at org.testng.TestRunner.run(TestRunner.java:624)
	at org.testng.SuiteRunner.runTest(SuiteRunner.java:359)
	at org.testng.SuiteRunner.runSequentially(SuiteRunner.java:354)
	at org.testng.SuiteRunner.privateRun(SuiteRunner.java:312)
	at org.testng.SuiteRunner.run(SuiteRunner.java:261)
	at org.testng.SuiteRunnerWorker.runSuite(SuiteRunnerWorker.java:52)
	at org.testng.SuiteRunnerWorker.run(SuiteRunnerWorker.java:86)
	at org.testng.TestNG.runSuitesSequentially(TestNG.java:1215)
	at org.testng.TestNG.runSuitesLocally(TestNG.java:1140)
	at org.testng.TestNG.run(TestNG.java:1048)
	at org.testng.remote.AbstractRemoteTestNG.run(AbstractRemoteTestNG.java:114)
	at org.testng.remote.RemoteTestNG.initAndRun(RemoteTestNG.java:251)
	at org.testng.remote.RemoteTestNG.main(RemoteTestNG.java:77)
]]>
            </full-stacktrace>
          </exception> <!-- java.lang.Throwable -->
          <reporter-output>
          </reporter-output>
        </test-method> <!-- homepageTest -->
      </class> <!-- com.colanInfotech.TextNGBasics.TestNG_DependsOnMethod -->
    </test> <!-- Acegrades LoginTest -->
  </suite> <!-- Samle TestNG Test Suite -->
</testng-results>
